<?xml version="1.0" encoding="UTF-8"?>
<testng-results skipped="0" failed="0" ignored="0" total="1" passed="1">
  <reporter-output>
  </reporter-output>
  <suite name="Default suite" duration-ms="101" started-at="2021-06-17T18:24:21Z" finished-at="2021-06-17T18:24:21Z">
    <groups>
    </groups>
    <test name="Default test" duration-ms="101" started-at="2021-06-17T18:24:21Z" finished-at="2021-06-17T18:24:21Z">
      <class name="com.qa.testcases.LandingPageTest">
        <test-method status="PASS" signature="m1()[pri:0, instance:com.qa.testcases.LandingPageTest@55ca8de8]" name="m1" duration-ms="37" started-at="2021-06-17T23:54:21Z" finished-at="2021-06-17T23:54:21Z">
          <reporter-output>
          </reporter-output>
        </test-method> <!-- m1 -->
      </class> <!-- com.qa.testcases.LandingPageTest -->
    </test> <!-- Default test -->
  </suite> <!-- Default suite -->
</testng-results>
